TN:
SF:src/index-executor.ts
FN:16,(anonymous_17)
FN:16,(anonymous_18)
FN:24,(anonymous_19)
FN:30,(anonymous_20)
FN:33,(anonymous_21)
FN:35,(anonymous_22)
FN:37,(anonymous_23)
FN:38,(anonymous_24)
FN:40,(anonymous_25)
FN:40,(anonymous_26)
FN:68,(anonymous_27)
FNF:11
FNH:0
FNDA:0,(anonymous_17)
FNDA:0,(anonymous_18)
FNDA:0,(anonymous_19)
FNDA:0,(anonymous_20)
FNDA:0,(anonymous_21)
FNDA:0,(anonymous_22)
FNDA:0,(anonymous_23)
FNDA:0,(anonymous_24)
FNDA:0,(anonymous_25)
FNDA:0,(anonymous_26)
FNDA:0,(anonymous_27)
DA:7,0
DA:8,0
DA:9,0
DA:10,0
DA:11,0
DA:12,0
DA:14,0
DA:16,0
DA:17,0
DA:18,0
DA:20,0
DA:21,0
DA:22,0
DA:23,0
DA:24,0
DA:25,0
DA:26,0
DA:27,0
DA:30,0
DA:31,0
DA:33,0
DA:34,0
DA:35,0
DA:37,0
DA:38,0
DA:40,0
DA:41,0
DA:42,0
DA:43,0
DA:44,0
DA:45,0
DA:48,0
DA:49,0
DA:50,0
DA:51,0
DA:52,0
DA:55,0
DA:56,0
DA:57,0
DA:59,0
DA:60,0
DA:63,0
DA:64,0
DA:65,0
DA:68,0
DA:69,0
DA:70,0
LF:47
LH:0
BRDA:17,0,0,0
BRDA:44,1,0,0
BRDA:51,2,0,0
BRDA:59,3,0,0
BRF:4
BRH:0
end_of_record
TN:
SF:src/index-monitor.ts
FN:16,(anonymous_17)
FN:16,(anonymous_18)
FN:24,(anonymous_19)
FN:30,(anonymous_20)
FN:33,(anonymous_21)
FN:35,(anonymous_22)
FN:37,(anonymous_23)
FN:38,(anonymous_24)
FN:40,(anonymous_25)
FN:40,(anonymous_26)
FN:49,(anonymous_27)
FNF:11
FNH:0
FNDA:0,(anonymous_17)
FNDA:0,(anonymous_18)
FNDA:0,(anonymous_19)
FNDA:0,(anonymous_20)
FNDA:0,(anonymous_21)
FNDA:0,(anonymous_22)
FNDA:0,(anonymous_23)
FNDA:0,(anonymous_24)
FNDA:0,(anonymous_25)
FNDA:0,(anonymous_26)
FNDA:0,(anonymous_27)
DA:7,0
DA:8,0
DA:9,0
DA:10,0
DA:12,0
DA:14,0
DA:16,0
DA:17,0
DA:18,0
DA:20,0
DA:21,0
DA:22,0
DA:23,0
DA:24,0
DA:25,0
DA:26,0
DA:27,0
DA:30,0
DA:31,0
DA:33,0
DA:34,0
DA:35,0
DA:37,0
DA:38,0
DA:40,0
DA:41,0
DA:42,0
DA:43,0
DA:44,0
DA:45,0
DA:46,0
DA:49,0
DA:50,0
DA:51,0
LF:34
LH:0
BRDA:17,0,0,0
BRF:1
BRH:0
end_of_record
TN:
SF:src/index.ts
FN:26,(anonymous_17)
FN:26,(anonymous_18)
FN:43,(anonymous_19)
FN:57,(anonymous_20)
FN:63,(anonymous_21)
FN:66,(anonymous_22)
FN:72,(anonymous_23)
FN:73,(anonymous_24)
FN:81,(anonymous_25)
FN:81,(anonymous_26)
FNF:10
FNH:0
FNDA:0,(anonymous_17)
FNDA:0,(anonymous_18)
FNDA:0,(anonymous_19)
FNDA:0,(anonymous_20)
FNDA:0,(anonymous_21)
FNDA:0,(anonymous_22)
FNDA:0,(anonymous_23)
FNDA:0,(anonymous_24)
FNDA:0,(anonymous_25)
FNDA:0,(anonymous_26)
DA:6,0
DA:7,0
DA:8,0
DA:9,0
DA:10,0
DA:11,0
DA:12,0
DA:14,0
DA:15,0
DA:18,0
DA:26,0
DA:27,0
DA:28,0
DA:29,0
DA:32,0
DA:33,0
DA:34,0
DA:36,0
DA:38,0
DA:39,0
DA:42,0
DA:43,0
DA:46,0
DA:48,0
DA:49,0
DA:51,0
DA:52,0
DA:57,0
DA:58,0
DA:63,0
DA:64,0
DA:66,0
DA:67,0
DA:72,0
DA:73,0
DA:81,0
DA:82,0
DA:84,0
DA:90,0
DA:91,0
DA:92,0
DA:94,0
DA:95,0
DA:98,0
DA:99,0
DA:100,0
DA:102,0
DA:103,0
DA:106,0
DA:107,0
DA:108,0
DA:110,0
DA:111,0
DA:114,0
DA:115,0
DA:116,0
DA:118,0
DA:119,0
DA:123,0
DA:124,0
DA:128,0
LF:61
LH:0
BRDA:27,0,0,0
BRDA:102,1,0,0
BRDA:110,2,0,0
BRF:3
BRH:0
end_of_record
TN:
SF:src/testFetch.ts
FN:4,test
FNF:1
FNH:0
FNDA:0,test
DA:1,0
DA:5,0
DA:6,0
DA:8,0
DA:9,0
DA:10,0
DA:11,0
DA:13,0
DA:14,0
DA:15,0
DA:16,0
DA:17,0
DA:22,0
LF:13
LH:0
BRDA:15,0,0,0
BRF:1
BRH:0
end_of_record
TN:
SF:src/config/copyStrategy.ts
FN:16,(anonymous_0)
FN:86,calculateOrderSize
FN:185,calculateAdaptivePercent
FN:206,lerp
FN:213,validateCopyStrategyConfig
FN:257,getRecommendedConfig
FN:302,parseTieredMultipliers
FN:310,(anonymous_7)
FN:311,(anonymous_8)
FN:359,(anonymous_9)
FN:387,getTradeMultiplier
FNF:11
FNH:11
FNDA:1,(anonymous_0)
FNDA:11,calculateOrderSize
FNDA:2,calculateAdaptivePercent
FNDA:2,lerp
FNDA:7,validateCopyStrategyConfig
FNDA:3,getRecommendedConfig
FNDA:8,parseTieredMultipliers
FNDA:13,(anonymous_7)
FNDA:13,(anonymous_8)
FNDA:7,(anonymous_9)
FNDA:17,getTradeMultiplier
DA:16,1
DA:17,1
DA:18,1
DA:19,1
DA:86,1
DA:96,11
DA:98,8
DA:99,8
DA:100,8
DA:103,1
DA:104,1
DA:105,1
DA:108,2
DA:109,2
DA:110,2
DA:111,2
DA:114,0
DA:118,11
DA:119,11
DA:121,11
DA:122,2
DA:124,11
DA:125,11
DA:126,11
DA:129,11
DA:130,1
DA:131,1
DA:132,1
DA:136,11
DA:137,1
DA:138,1
DA:139,1
DA:140,1
DA:141,0
DA:142,0
DA:144,1
DA:145,1
DA:151,11
DA:152,11
DA:153,1
DA:154,1
DA:155,1
DA:159,11
DA:160,1
DA:161,1
DA:162,1
DA:165,11
DA:186,2
DA:187,2
DA:188,2
DA:190,2
DA:193,1
DA:194,1
DA:198,1
DA:199,1
DA:207,2
DA:213,1
DA:214,7
DA:217,7
DA:218,1
DA:221,7
DA:222,1
DA:226,7
DA:227,1
DA:230,7
DA:231,0
DA:234,7
DA:235,2
DA:239,7
DA:240,2
DA:241,1
DA:244,2
DA:245,1
DA:246,1
DA:251,7
DA:257,1
DA:258,3
DA:260,1
DA:268,2
DA:270,1
DA:280,1
DA:302,1
DA:303,8
DA:304,1
DA:307,7
DA:308,7
DA:310,13
DA:311,13
DA:313,7
DA:315,13
DA:316,13
DA:317,1
DA:322,12
DA:323,12
DA:325,12
DA:326,2
DA:330,10
DA:332,2
DA:333,2
DA:334,0
DA:336,2
DA:337,8
DA:339,8
DA:340,8
DA:341,8
DA:343,8
DA:344,0
DA:346,8
DA:347,0
DA:352,8
DA:354,0
DA:359,7
DA:362,4
DA:363,6
DA:364,6
DA:366,6
DA:367,1
DA:370,5
DA:371,1
DA:377,2
DA:387,1
DA:389,17
DA:390,7
DA:391,13
DA:392,13
DA:393,7
DA:398,0
DA:402,10
DA:403,1
DA:407,9
LF:130
LH:121
BRDA:16,0,0,1
BRDA:16,0,1,1
BRDA:90,1,0,0
BRDA:96,2,0,8
BRDA:96,2,1,1
BRDA:96,2,2,2
BRDA:96,2,3,0
BRDA:121,3,0,2
BRDA:129,4,0,1
BRDA:136,5,0,1
BRDA:138,6,0,1
BRDA:140,7,0,0
BRDA:140,7,1,1
BRDA:152,8,0,1
BRDA:159,9,0,1
BRDA:186,10,0,2
BRDA:186,10,1,0
BRDA:186,11,0,2
BRDA:186,11,1,2
BRDA:187,12,0,2
BRDA:187,12,1,0
BRDA:187,13,0,2
BRDA:187,13,1,2
BRDA:188,14,0,2
BRDA:188,14,1,0
BRDA:188,15,0,2
BRDA:188,15,1,2
BRDA:190,16,0,1
BRDA:190,16,1,1
BRDA:217,17,0,1
BRDA:221,18,0,1
BRDA:221,19,0,7
BRDA:221,19,1,5
BRDA:226,20,0,1
BRDA:230,21,0,0
BRDA:234,22,0,2
BRDA:239,23,0,2
BRDA:240,24,0,1
BRDA:240,25,0,2
BRDA:240,25,1,1
BRDA:244,26,0,1
BRDA:244,27,0,2
BRDA:244,27,1,1
BRDA:245,28,0,1
BRDA:258,29,0,1
BRDA:258,29,1,2
BRDA:268,30,0,1
BRDA:268,30,1,1
BRDA:303,31,0,1
BRDA:303,32,0,8
BRDA:303,32,1,7
BRDA:316,33,0,1
BRDA:325,34,0,2
BRDA:325,35,0,12
BRDA:325,35,1,11
BRDA:330,36,0,2
BRDA:330,36,1,8
BRDA:333,37,0,0
BRDA:333,38,0,2
BRDA:333,38,1,2
BRDA:337,39,0,8
BRDA:337,39,1,0
BRDA:343,40,0,0
BRDA:343,41,0,8
BRDA:343,41,1,8
BRDA:346,42,0,0
BRDA:346,43,0,8
BRDA:346,43,1,8
BRDA:366,44,0,1
BRDA:370,45,0,1
BRDA:372,46,0,1
BRDA:372,46,1,0
BRDA:389,47,0,7
BRDA:389,48,0,17
BRDA:389,48,1,7
BRDA:391,49,0,13
BRDA:392,50,0,7
BRDA:392,51,0,13
BRDA:392,51,1,11
BRDA:402,52,0,1
BRF:80
BRH:68
end_of_record
TN:
SF:src/config/db.ts
FN:19,(anonymous_8)
FN:19,(anonymous_9)
FN:32,(anonymous_10)
FN:32,(anonymous_11)
FNF:4
FNH:0
FNDA:0,(anonymous_8)
FNDA:0,(anonymous_9)
FNDA:0,(anonymous_10)
FNDA:0,(anonymous_11)
DA:6,0
DA:7,0
DA:8,0
DA:10,0
DA:19,0
DA:20,0
DA:21,0
DA:22,0
DA:24,0
DA:25,0
DA:32,0
DA:33,0
DA:34,0
DA:35,0
DA:37,0
DA:41,0
LF:16
LH:0
BRDA:10,0,0,0
BRDA:10,0,1,0
BRF:2
BRH:0
end_of_record
TN:
SF:src/config/env.ts
FN:13,(anonymous_9)
FN:20,(anonymous_10)
FN:53,(anonymous_11)
FN:83,(anonymous_12)
FN:123,(anonymous_13)
FN:188,(anonymous_14)
FN:245,(anonymous_15)
FN:253,(anonymous_16)
FN:254,(anonymous_17)
FN:288,(anonymous_18)
FN:289,(anonymous_19)
FN:313,(anonymous_20)
FNF:12
FNH:0
FNDA:0,(anonymous_9)
FNDA:0,(anonymous_10)
FNDA:0,(anonymous_11)
FNDA:0,(anonymous_12)
FNDA:0,(anonymous_13)
FNDA:0,(anonymous_14)
FNDA:0,(anonymous_15)
FNDA:0,(anonymous_16)
FNDA:0,(anonymous_17)
FNDA:0,(anonymous_18)
FNDA:0,(anonymous_19)
FNDA:0,(anonymous_20)
DA:6,0
DA:7,0
DA:8,0
DA:13,0
DA:14,0
DA:20,0
DA:21,0
DA:32,0
DA:33,0
DA:34,0
DA:35,0
DA:39,0
DA:40,0
DA:41,0
DA:42,0
DA:43,0
DA:44,0
DA:45,0
DA:46,0
DA:53,0
DA:54,0
DA:55,0
DA:56,0
DA:57,0
DA:58,0
DA:59,0
DA:60,0
DA:61,0
DA:62,0
DA:63,0
DA:66,0
DA:70,0
DA:71,0
DA:72,0
DA:73,0
DA:74,0
DA:83,0
DA:84,0
DA:85,0
DA:86,0
DA:91,0
DA:92,0
DA:93,0
DA:98,0
DA:99,0
DA:100,0
DA:105,0
DA:106,0
DA:107,0
DA:112,0
DA:113,0
DA:114,0
DA:123,0
DA:124,0
DA:125,0
DA:126,0
DA:127,0
DA:128,0
DA:131,0
DA:136,0
DA:137,0
DA:138,0
DA:139,0
DA:140,0
DA:143,0
DA:148,0
DA:149,0
DA:150,0
DA:151,0
DA:152,0
DA:153,0
DA:154,0
DA:155,0
DA:156,0
DA:157,0
DA:160,0
DA:161,0
DA:162,0
DA:163,0
DA:164,0
DA:165,0
DA:166,0
DA:167,0
DA:168,0
DA:169,0
DA:170,0
DA:171,0
DA:188,0
DA:189,0
DA:190,0
DA:191,0
DA:192,0
DA:193,0
DA:194,0
DA:196,0
DA:197,0
DA:198,0
DA:199,0
DA:200,0
DA:201,0
DA:205,0
DA:206,0
DA:208,0
DA:210,0
DA:212,0
DA:213,0
DA:217,0
DA:220,0
DA:221,0
DA:222,0
DA:223,0
DA:232,0
DA:233,0
DA:234,0
DA:235,0
DA:245,0
DA:246,0
DA:248,0
DA:249,0
DA:250,0
DA:251,0
DA:252,0
DA:253,0
DA:254,0
DA:256,0
DA:257,0
DA:258,0
DA:259,0
DA:260,0
DA:263,0
DA:264,0
DA:267,0
DA:268,0
DA:271,0
DA:274,0
DA:277,0
DA:278,0
DA:280,0
DA:286,0
DA:288,0
DA:289,0
DA:291,0
DA:292,0
DA:293,0
DA:294,0
DA:295,0
DA:296,0
DA:297,0
DA:298,0
DA:299,0
DA:300,0
DA:303,0
DA:313,0
DA:315,0
DA:317,0
DA:318,0
DA:321,0
DA:322,0
DA:323,0
DA:325,0
DA:339,0
DA:340,0
DA:341,0
DA:342,0
DA:344,0
DA:348,0
DA:350,0
DA:353,0
DA:357,0
DA:359,0
DA:361,0
DA:375,0
DA:376,0
DA:379,0
DA:382,0
DA:386,0
DA:387,0
DA:388,0
DA:389,0
DA:391,0
DA:395,0
DA:397,0
DA:398,0
DA:399,0
DA:400,0
DA:404,0
DA:407,0
DA:408,0
DA:409,0
DA:412,0
LF:190
LH:0
BRDA:34,0,0,0
BRDA:39,1,0,0
BRDA:54,2,0,0
BRDA:54,3,0,0
BRDA:54,3,1,0
BRDA:66,4,0,0
BRDA:67,5,0,0
BRDA:67,5,1,0
BRDA:84,6,0,0
BRDA:84,6,1,0
BRDA:85,7,0,0
BRDA:85,8,0,0
BRDA:85,8,1,0
BRDA:91,9,0,0
BRDA:91,9,1,0
BRDA:92,10,0,0
BRDA:92,11,0,0
BRDA:92,11,1,0
BRDA:92,11,2,0
BRDA:98,12,0,0
BRDA:98,12,1,0
BRDA:99,13,0,0
BRDA:99,14,0,0
BRDA:99,14,1,0
BRDA:105,15,0,0
BRDA:105,15,1,0
BRDA:106,16,0,0
BRDA:106,17,0,0
BRDA:106,17,1,0
BRDA:112,18,0,0
BRDA:112,18,1,0
BRDA:113,19,0,0
BRDA:113,20,0,0
BRDA:113,20,1,0
BRDA:113,20,2,0
BRDA:124,21,0,0
BRDA:124,22,0,0
BRDA:124,22,1,0
BRDA:136,23,0,0
BRDA:136,24,0,0
BRDA:136,24,1,0
BRDA:148,25,0,0
BRDA:148,26,0,0
BRDA:148,26,1,0
BRDA:160,27,0,0
BRDA:160,28,0,0
BRDA:160,28,1,0
BRDA:190,29,0,0
BRDA:190,30,0,0
BRDA:190,30,1,0
BRDA:193,31,0,0
BRDA:193,32,0,0
BRDA:193,32,1,0
BRDA:198,33,0,0
BRDA:198,33,1,0
BRDA:198,33,2,0
BRDA:198,34,0,0
BRDA:198,34,1,0
BRDA:198,35,0,0
BRDA:198,35,1,0
BRDA:198,36,0,0
BRDA:198,36,1,0
BRDA:198,37,0,0
BRDA:198,37,1,0
BRDA:199,38,0,0
BRDA:199,38,1,0
BRDA:199,38,2,0
BRDA:199,39,0,0
BRDA:199,39,1,0
BRDA:199,40,0,0
BRDA:199,40,1,0
BRDA:199,41,0,0
BRDA:199,41,1,0
BRDA:199,42,0,0
BRDA:199,42,1,0
BRDA:200,43,0,0
BRDA:200,44,0,0
BRDA:200,44,1,0
BRDA:205,45,0,0
BRDA:212,46,0,0
BRDA:214,47,0,0
BRDA:214,47,1,0
BRDA:222,48,0,0
BRDA:222,49,0,0
BRDA:222,49,1,0
BRDA:248,50,0,0
BRDA:248,51,0,0
BRDA:248,51,1,0
BRDA:251,52,0,0
BRDA:257,53,0,0
BRDA:277,54,0,0
BRDA:277,55,0,0
BRDA:277,55,1,0
BRDA:281,56,0,0
BRDA:281,56,1,0
BRDA:292,57,0,0
BRDA:315,58,0,0
BRDA:315,58,1,0
BRDA:317,59,0,0
BRDA:321,60,0,0
BRDA:321,60,1,0
BRDA:322,61,0,0
BRDA:322,61,1,0
BRDA:328,62,0,0
BRDA:328,62,1,0
BRDA:329,63,0,0
BRDA:329,63,1,0
BRDA:330,64,0,0
BRDA:330,64,1,0
BRDA:333,65,0,0
BRDA:333,65,1,0
BRDA:339,66,0,0
BRDA:339,66,1,0
BRDA:345,67,0,0
BRDA:345,67,1,0
BRDA:348,68,0,0
BRDA:357,69,0,0
BRDA:357,69,1,0
BRDA:359,70,0,0
BRDA:359,70,1,0
BRDA:363,71,0,0
BRDA:363,71,1,0
BRDA:364,72,0,0
BRDA:364,72,1,0
BRDA:365,73,0,0
BRDA:365,73,1,0
BRDA:366,74,0,0
BRDA:366,74,1,0
BRDA:369,75,0,0
BRDA:369,75,1,0
BRDA:375,76,0,0
BRDA:377,77,0,0
BRDA:377,77,1,0
BRDA:380,78,0,0
BRDA:380,78,1,0
BRDA:382,79,0,0
BRDA:382,79,1,0
BRDA:386,80,0,0
BRDA:386,80,1,0
BRDA:392,81,0,0
BRDA:392,81,1,0
BRDA:395,82,0,0
BRDA:398,83,0,0
BRDA:408,84,0,0
BRDA:415,85,0,0
BRDA:415,85,1,0
BRDA:415,86,0,0
BRDA:415,86,1,0
BRDA:415,87,0,0
BRDA:415,87,1,0
BRDA:417,88,0,0
BRDA:417,88,1,0
BRDA:417,89,0,0
BRDA:417,89,1,0
BRDA:417,90,0,0
BRDA:417,90,1,0
BRDA:421,91,0,0
BRDA:421,91,1,0
BRDA:424,92,0,0
BRDA:424,92,1,0
BRDA:425,93,0,0
BRDA:425,93,1,0
BRDA:426,94,0,0
BRDA:426,94,1,0
BRDA:428,95,0,0
BRDA:428,95,1,0
BRDA:429,96,0,0
BRDA:429,96,1,0
BRDA:433,97,0,0
BRDA:433,97,1,0
BRDA:434,98,0,0
BRDA:434,98,1,0
BRDA:438,99,0,0
BRDA:438,99,1,0
BRF:174
BRH:0
end_of_record
TN:
SF:src/errors/index.ts
FN:23,(anonymous_0)
FN:49,(anonymous_1)
FN:65,(anonymous_2)
FN:82,(anonymous_3)
FN:99,(anonymous_4)
FN:116,(anonymous_5)
FN:132,(anonymous_6)
FN:148,(anonymous_7)
FN:164,(anonymous_8)
FNF:9
FNH:9
FNDA:17,(anonymous_0)
FNDA:3,(anonymous_1)
FNDA:2,(anonymous_2)
FNDA:2,(anonymous_3)
FNDA:2,(anonymous_4)
FNDA:3,(anonymous_5)
FNDA:1,(anonymous_6)
FNDA:1,(anonymous_7)
FNDA:1,(anonymous_8)
DA:11,1
DA:29,17
DA:30,17
DA:31,17
DA:32,17
DA:33,17
DA:43,1
DA:50,3
DA:60,1
DA:66,2
DA:76,1
DA:83,2
DA:93,1
DA:100,2
DA:110,1
DA:117,3
DA:127,1
DA:133,1
DA:143,1
DA:149,1
DA:159,1
DA:165,1
LF:22
LH:22
BRDA:26,0,0,1
BRDA:27,1,0,1
BRDA:49,2,0,2
BRDA:82,3,0,1
BRDA:99,4,0,1
BRDA:116,5,0,2
BRF:6
BRH:6
end_of_record
TN:
SF:src/models/copyExecution.ts
FN:26,(anonymous_9)
FNF:1
FNH:0
FNDA:0,(anonymous_9)
DA:6,0
DA:8,0
DA:21,0
DA:24,0
DA:26,0
DA:28,0
LF:6
LH:0
BRDA:24,0,0,0
BRDA:24,0,1,0
BRDA:24,1,0,0
BRDA:24,1,1,0
BRDA:24,2,0,0
BRDA:24,2,1,0
BRDA:24,3,0,0
BRDA:24,3,1,0
BRF:8
BRH:0
end_of_record
TN:
SF:src/models/copyPnl.ts
FN:27,(anonymous_9)
FNF:1
FNH:0
FNDA:0,(anonymous_9)
DA:5,0
DA:7,0
DA:22,0
DA:25,0
DA:27,0
DA:28,0
LF:6
LH:0
BRDA:25,0,0,0
BRDA:25,0,1,0
BRDA:25,1,0,0
BRDA:25,1,1,0
BRDA:25,2,0,0
BRDA:25,2,1,0
BRDA:25,3,0,0
BRDA:25,3,1,0
BRF:8
BRH:0
end_of_record
TN:
SF:src/models/userHistory.ts
FN:85,(anonymous_9)
FN:96,(anonymous_10)
FNF:2
FNH:0
FNDA:0,(anonymous_9)
FNDA:0,(anonymous_10)
DA:6,0
DA:11,0
DA:47,0
DA:85,0
DA:86,0
DA:87,0
DA:96,0
DA:97,0
DA:98,0
DA:101,0
LF:10
LH:0
BRF:0
BRH:0
end_of_record
TN:
SF:src/services/ExecutionEngine.ts
FN:26,(anonymous_8)
FN:31,(anonymous_9)
FN:39,(anonymous_10)
FN:97,(anonymous_11)
FN:159,(anonymous_12)
FN:162,(anonymous_13)
FN:176,(anonymous_14)
FN:215,(anonymous_15)
FNF:8
FNH:0
FNDA:0,(anonymous_8)
FNDA:0,(anonymous_9)
FNDA:0,(anonymous_10)
FNDA:0,(anonymous_11)
FNDA:0,(anonymous_12)
FNDA:0,(anonymous_13)
FNDA:0,(anonymous_14)
FNDA:0,(anonymous_15)
DA:8,0
DA:9,0
DA:10,0
DA:11,0
DA:12,0
DA:13,0
DA:14,0
DA:17,0
DA:26,0
DA:31,0
DA:32,0
DA:33,0
DA:34,0
DA:36,0
DA:37,0
DA:38,0
DA:39,0
DA:45,0
DA:56,0
DA:62,0
DA:63,0
DA:64,0
DA:65,0
DA:72,0
DA:74,0
DA:77,0
DA:79,0
DA:80,0
DA:81,0
DA:82,0
DA:90,0
DA:92,0
DA:93,0
DA:96,0
DA:97,0
DA:112,0
DA:113,0
DA:114,0
DA:123,0
DA:125,0
DA:126,0
DA:127,0
DA:128,0
DA:135,0
DA:138,0
DA:139,0
DA:141,0
DA:159,0
DA:162,0
DA:163,0
DA:164,0
DA:165,0
DA:166,0
DA:167,0
DA:168,0
DA:169,0
DA:172,0
DA:173,0
DA:174,0
DA:175,0
DA:176,0
DA:181,0
DA:187,0
DA:189,0
DA:190,0
DA:192,0
DA:193,0
DA:194,0
DA:195,0
DA:197,0
DA:200,0
DA:203,0
DA:206,0
DA:214,0
DA:215,0
DA:229,0
DA:231,0
DA:233,0
DA:234,0
DA:235,0
DA:236,0
DA:238,0
DA:245,0
LF:83
LH:0
BRDA:34,0,0,0
BRDA:34,0,1,0
BRDA:37,1,0,0
BRDA:45,2,0,0
BRDA:45,2,1,0
BRDA:53,3,0,0
BRDA:53,3,1,0
BRDA:62,4,0,0
BRDA:64,5,0,0
BRDA:64,5,1,0
BRDA:64,6,0,0
BRDA:64,6,1,0
BRDA:79,7,0,0
BRDA:80,8,0,0
BRDA:80,8,1,0
BRDA:80,9,0,0
BRDA:80,9,1,0
BRDA:80,10,0,0
BRDA:80,10,1,0
BRDA:80,11,0,0
BRDA:80,11,1,0
BRDA:80,12,0,0
BRDA:80,12,1,0
BRDA:81,13,0,0
BRDA:81,13,1,0
BRDA:81,14,0,0
BRDA:81,14,1,0
BRDA:99,15,0,0
BRDA:99,15,1,0
BRDA:112,16,0,0
BRDA:112,17,0,0
BRDA:112,17,1,0
BRDA:119,18,0,0
BRDA:119,18,1,0
BRDA:119,19,0,0
BRDA:119,19,1,0
BRDA:126,20,0,0
BRDA:126,20,1,0
BRDA:126,21,0,0
BRDA:126,21,1,0
BRDA:166,22,0,0
BRDA:166,22,1,0
BRDA:189,23,0,0
BRDA:217,24,0,0
BRDA:217,24,1,0
BRF:45
BRH:0
end_of_record
TN:
SF:src/services/OrderValidator.ts
FN:16,(anonymous_8)
FN:37,(anonymous_9)
FN:41,(anonymous_10)
FN:51,(anonymous_11)
FN:52,(anonymous_12)
FN:60,(anonymous_13)
FN:63,(anonymous_14)
FN:66,(anonymous_15)
FN:69,(anonymous_16)
FNF:9
FNH:0
FNDA:0,(anonymous_8)
FNDA:0,(anonymous_9)
FNDA:0,(anonymous_10)
FNDA:0,(anonymous_11)
FNDA:0,(anonymous_12)
FNDA:0,(anonymous_13)
FNDA:0,(anonymous_14)
FNDA:0,(anonymous_15)
FNDA:0,(anonymous_16)
DA:8,0
DA:9,0
DA:10,0
DA:11,0
DA:12,0
DA:13,0
DA:16,0
DA:37,0
DA:41,0
DA:42,0
DA:43,0
DA:44,0
DA:46,0
DA:47,0
DA:48,0
DA:50,0
DA:51,0
DA:52,0
DA:55,0
DA:56,0
DA:59,0
DA:60,0
DA:62,0
DA:63,0
DA:66,0
DA:69,0
DA:70,0
DA:74,0
DA:75,0
DA:77,0
DA:78,0
DA:79,0
DA:80,0
DA:84,0
DA:85,0
DA:89,0
DA:90,0
DA:96,0
DA:104,0
DA:105,0
DA:112,0
LF:41
LH:0
BRDA:42,0,0,0
BRDA:42,0,1,0
BRDA:42,1,0,0
BRDA:42,1,1,0
BRDA:55,2,0,0
BRDA:55,3,0,0
BRDA:55,3,1,0
BRDA:70,4,0,0
BRDA:70,4,1,0
BRDA:77,5,0,0
BRDA:77,5,1,0
BRDA:79,6,0,0
BRDA:79,7,0,0
BRDA:79,7,1,0
BRDA:80,8,0,0
BRDA:80,8,1,0
BRDA:84,9,0,0
BRDA:84,10,0,0
BRDA:84,10,1,0
BRDA:89,11,0,0
BRDA:89,12,0,0
BRDA:89,12,1,0
BRDA:107,13,0,0
BRDA:107,13,1,0
BRF:24
BRH:0
end_of_record
TN:
SF:src/services/TradeAggregator.ts
FN:51,(anonymous_8)
FN:63,(anonymous_9)
FN:73,(anonymous_10)
FN:104,(anonymous_11)
FN:104,(anonymous_12)
FN:128,(anonymous_13)
FN:152,(anonymous_14)
FNF:7
FNH:7
FNDA:13,(anonymous_8)
FNDA:13,(anonymous_9)
FNDA:4,(anonymous_10)
FNDA:7,(anonymous_11)
FNDA:7,(anonymous_12)
FNDA:2,(anonymous_13)
FNDA:4,(anonymous_14)
DA:7,9
DA:8,9
DA:9,9
DA:10,9
DA:13,9
DA:14,9
DA:43,9
DA:51,9
DA:52,13
DA:63,9
DA:64,13
DA:65,13
DA:66,13
DA:68,13
DA:70,2
DA:71,2
DA:73,4
DA:74,2
DA:75,2
DA:78,11
DA:104,9
DA:105,7
DA:106,7
DA:107,7
DA:109,7
DA:110,8
DA:113,8
DA:114,7
DA:116,5
DA:119,2
DA:124,2
DA:125,2
DA:126,2
DA:127,2
DA:128,2
DA:133,0
DA:139,7
DA:143,7
DA:152,9
DA:153,4
DA:159,9
DA:160,9
DA:161,9
LF:43
LH:42
BRDA:68,0,0,2
BRDA:68,0,1,11
BRDA:82,1,0,11
BRDA:82,1,1,0
BRDA:113,2,0,7
BRDA:114,3,0,5
BRDA:114,3,1,2
BRDA:120,4,0,2
BRDA:120,4,1,0
BRF:9
BRH:7
end_of_record
TN:
SF:src/services/copyPnlService.ts
FN:23,(anonymous_17)
FN:25,(anonymous_18)
FN:73,(anonymous_19)
FN:75,(anonymous_20)
FN:96,(anonymous_21)
FN:98,(anonymous_22)
FN:102,(anonymous_23)
FN:103,(anonymous_24)
FNF:8
FNH:0
FNDA:0,(anonymous_17)
FNDA:0,(anonymous_18)
FNDA:0,(anonymous_19)
FNDA:0,(anonymous_20)
FNDA:0,(anonymous_21)
FNDA:0,(anonymous_22)
FNDA:0,(anonymous_23)
FNDA:0,(anonymous_24)
DA:5,0
DA:6,0
DA:7,0
DA:23,0
DA:25,0
DA:26,0
DA:27,0
DA:28,0
DA:29,0
DA:30,0
DA:41,0
DA:42,0
DA:43,0
DA:44,0
DA:45,0
DA:46,0
DA:47,0
DA:49,0
DA:51,0
DA:53,0
DA:54,0
DA:65,0
DA:66,0
DA:73,0
DA:75,0
DA:76,0
DA:77,0
DA:96,0
DA:98,0
DA:100,0
DA:102,0
DA:103,0
DA:105,0
DA:106,0
DA:107,0
DA:108,0
DA:109,0
DA:110,0
DA:111,0
DA:119,0
LF:40
LH:0
BRDA:29,0,0,0
BRDA:29,1,0,0
BRDA:29,1,1,0
BRDA:45,2,0,0
BRDA:45,2,1,0
BRDA:45,3,0,0
BRDA:45,3,1,0
BRDA:46,4,0,0
BRDA:46,4,1,0
BRDA:46,5,0,0
BRDA:46,5,1,0
BRDA:47,6,0,0
BRDA:47,6,1,0
BRDA:47,7,0,0
BRDA:47,7,1,0
BRDA:51,8,0,0
BRDA:51,8,1,0
BRDA:53,9,0,0
BRDA:53,9,1,0
BRDA:86,10,0,0
BRDA:86,10,1,0
BRDA:100,11,0,0
BRDA:100,11,1,0
BRDA:100,12,0,0
BRDA:100,12,1,0
BRDA:108,13,0,0
BRF:26
BRH:0
end_of_record
TN:
SF:src/services/createClobClient.ts
FN:21,(anonymous_8)
FN:21,(anonymous_9)
FN:37,(anonymous_10)
FN:37,(anonymous_11)
FN:56,(anonymous_12)
FN:57,(anonymous_13)
FN:81,(anonymous_14)
FN:81,(anonymous_15)
FN:99,(anonymous_16)
FN:99,(anonymous_17)
FNF:10
FNH:0
FNDA:0,(anonymous_8)
FNDA:0,(anonymous_9)
FNDA:0,(anonymous_10)
FNDA:0,(anonymous_11)
FNDA:0,(anonymous_12)
FNDA:0,(anonymous_13)
FNDA:0,(anonymous_14)
FNDA:0,(anonymous_15)
FNDA:0,(anonymous_16)
FNDA:0,(anonymous_17)
DA:6,0
DA:7,0
DA:8,0
DA:9,0
DA:10,0
DA:12,0
DA:13,0
DA:21,0
DA:22,0
DA:24,0
DA:25,0
DA:27,0
DA:29,0
DA:30,0
DA:37,0
DA:38,0
DA:39,0
DA:40,0
DA:41,0
DA:42,0
DA:43,0
DA:45,0
DA:54,0
DA:55,0
DA:56,0
DA:57,0
DA:59,0
DA:60,0
DA:61,0
DA:64,0
DA:73,0
DA:74,0
DA:75,0
DA:81,0
DA:82,0
DA:83,0
DA:84,0
DA:85,0
DA:86,0
DA:89,0
DA:90,0
DA:92,0
DA:99,0
DA:100,0
DA:101,0
DA:104,0
DA:107,0
LF:47
LH:0
BRDA:40,0,0,0
BRDA:40,0,1,0
BRDA:43,1,0,0
BRDA:43,1,1,0
BRDA:51,2,0,0
BRDA:51,2,1,0
BRDA:60,3,0,0
BRDA:70,4,0,0
BRDA:70,4,1,0
BRF:9
BRH:0
end_of_record
TN:
SF:src/services/tradeExecutor.ts
FN:30,(anonymous_8)
FN:40,(anonymous_9)
FN:40,(anonymous_10)
FN:48,(anonymous_11)
FN:58,(anonymous_12)
FN:74,(anonymous_13)
FN:78,(anonymous_14)
FN:87,(anonymous_15)
FN:89,(anonymous_16)
FN:90,(anonymous_17)
FN:94,(anonymous_18)
FN:98,(anonymous_19)
FN:117,(anonymous_20)
FN:126,(anonymous_21)
FN:126,(anonymous_22)
FN:173,(anonymous_23)
FN:204,(anonymous_24)
FN:239,(anonymous_25)
FN:269,(anonymous_26)
FNF:19
FNH:0
FNDA:0,(anonymous_8)
FNDA:0,(anonymous_9)
FNDA:0,(anonymous_10)
FNDA:0,(anonymous_11)
FNDA:0,(anonymous_12)
FNDA:0,(anonymous_13)
FNDA:0,(anonymous_14)
FNDA:0,(anonymous_15)
FNDA:0,(anonymous_16)
FNDA:0,(anonymous_17)
FNDA:0,(anonymous_18)
FNDA:0,(anonymous_19)
FNDA:0,(anonymous_20)
FNDA:0,(anonymous_21)
FNDA:0,(anonymous_22)
FNDA:0,(anonymous_23)
FNDA:0,(anonymous_24)
FNDA:0,(anonymous_25)
FNDA:0,(anonymous_26)
DA:9,0
DA:10,0
DA:11,0
DA:12,0
DA:13,0
DA:14,0
DA:21,0
DA:22,0
DA:24,0
DA:25,0
DA:26,0
DA:27,0
DA:30,0
DA:40,0
DA:41,0
DA:43,0
DA:44,0
DA:47,0
DA:48,0
DA:57,0
DA:58,0
DA:62,0
DA:65,0
DA:70,0
DA:74,0
DA:78,0
DA:79,0
DA:80,0
DA:87,0
DA:88,0
DA:89,0
DA:90,0
DA:94,0
DA:98,0
DA:99,0
DA:100,0
DA:101,0
DA:102,0
DA:103,0
DA:111,0
DA:117,0
DA:118,0
DA:119,0
DA:126,0
DA:127,0
DA:128,0
DA:129,0
DA:130,0
DA:135,0
DA:138,0
DA:139,0
DA:144,0
DA:145,0
DA:146,0
DA:147,0
DA:149,0
DA:150,0
DA:151,0
DA:152,0
DA:156,0
DA:157,0
DA:158,0
DA:159,0
DA:162,0
DA:164,0
DA:165,0
DA:166,0
DA:171,0
DA:172,0
DA:174,0
DA:184,0
DA:191,0
DA:194,0
DA:197,0
DA:198,0
DA:199,0
DA:200,0
DA:203,0
DA:204,0
DA:208,0
DA:211,0
DA:212,0
DA:213,0
DA:214,0
DA:215,0
DA:220,0
DA:222,0
DA:226,0
DA:227,0
DA:228,0
DA:231,0
DA:232,0
DA:237,0
DA:238,0
DA:240,0
DA:250,0
DA:256,0
DA:258,0
DA:259,0
DA:260,0
DA:265,0
DA:268,0
DA:269,0
DA:272,0
DA:275,0
LF:105
LH:0
BRDA:57,0,0,0
BRDA:57,1,0,0
BRDA:57,1,1,0
BRDA:87,2,0,0
BRDA:87,2,1,0
BRDA:89,3,0,0
BRDA:89,3,1,0
BRDA:101,4,0,0
BRDA:129,5,0,0
BRDA:138,6,0,0
BRDA:149,7,0,0
BRDA:149,7,1,0
BRDA:150,8,0,0
BRDA:153,9,0,0
BRDA:153,9,1,0
BRDA:158,10,0,0
BRDA:158,10,1,0
BRDA:158,11,0,0
BRDA:158,11,1,0
BRDA:160,12,0,0
BRDA:160,12,1,0
BRDA:198,13,0,0
BRDA:201,14,0,0
BRDA:201,14,1,0
BRDA:211,15,0,0
BRDA:211,16,0,0
BRDA:211,16,1,0
BRDA:212,17,0,0
BRDA:214,18,0,0
BRDA:214,18,1,0
BRDA:226,19,0,0
BRDA:226,19,1,0
BRDA:229,20,0,0
BRDA:229,20,1,0
BRDA:258,21,0,0
BRDA:268,22,0,0
BRF:36
BRH:0
end_of_record
TN:
SF:src/services/tradeMonitor.ts
FN:23,(anonymous_17)
FN:34,(anonymous_18)
FN:34,(anonymous_19)
FN:40,(anonymous_20)
FN:59,(anonymous_21)
FN:62,(anonymous_22)
FN:63,(anonymous_23)
FN:70,(anonymous_24)
FN:82,(anonymous_25)
FN:113,(anonymous_26)
FN:124,(anonymous_27)
FN:135,(anonymous_28)
FN:137,(anonymous_29)
FN:160,(anonymous_30)
FN:160,(anonymous_31)
FN:168,(anonymous_32)
FN:185,(anonymous_33)
FN:222,(anonymous_34)
FN:236,(anonymous_35)
FN:243,(anonymous_36)
FN:299,(anonymous_37)
FN:314,(anonymous_38)
FN:314,(anonymous_39)
FN:341,(anonymous_40)
FNF:24
FNH:0
FNDA:0,(anonymous_17)
FNDA:0,(anonymous_18)
FNDA:0,(anonymous_19)
FNDA:0,(anonymous_20)
FNDA:0,(anonymous_21)
FNDA:0,(anonymous_22)
FNDA:0,(anonymous_23)
FNDA:0,(anonymous_24)
FNDA:0,(anonymous_25)
FNDA:0,(anonymous_26)
FNDA:0,(anonymous_27)
FNDA:0,(anonymous_28)
FNDA:0,(anonymous_29)
FNDA:0,(anonymous_30)
FNDA:0,(anonymous_31)
FNDA:0,(anonymous_32)
FNDA:0,(anonymous_33)
FNDA:0,(anonymous_34)
FNDA:0,(anonymous_35)
FNDA:0,(anonymous_36)
FNDA:0,(anonymous_37)
FNDA:0,(anonymous_38)
FNDA:0,(anonymous_39)
FNDA:0,(anonymous_40)
DA:6,0
DA:7,0
DA:8,0
DA:9,0
DA:10,0
DA:11,0
DA:14,0
DA:15,0
DA:16,0
DA:18,0
DA:19,0
DA:23,0
DA:34,0
DA:36,0
DA:37,0
DA:38,0
DA:39,0
DA:40,0
DA:44,0
DA:46,0
DA:47,0
DA:50,0
DA:51,0
DA:54,0
DA:55,0
DA:57,0
DA:58,0
DA:59,0
DA:62,0
DA:63,0
DA:65,0
DA:67,0
DA:68,0
DA:69,0
DA:70,0
DA:71,0
DA:72,0
DA:73,0
DA:74,0
DA:75,0
DA:76,0
DA:78,0
DA:81,0
DA:82,0
DA:85,0
DA:86,0
DA:96,0
DA:97,0
DA:100,0
DA:102,0
DA:103,0
DA:107,0
DA:108,0
DA:109,0
DA:110,0
DA:111,0
DA:112,0
DA:113,0
DA:118,0
DA:119,0
DA:122,0
DA:123,0
DA:124,0
DA:125,0
DA:126,0
DA:127,0
DA:128,0
DA:130,0
DA:131,0
DA:134,0
DA:135,0
DA:137,0
DA:138,0
DA:140,0
DA:141,0
DA:142,0
DA:145,0
DA:146,0
DA:147,0
DA:148,0
DA:151,0
DA:152,0
DA:160,0
DA:161,0
DA:162,0
DA:164,0
DA:165,0
DA:167,0
DA:168,0
DA:170,0
DA:171,0
DA:175,0
DA:176,0
DA:178,0
DA:179,0
DA:180,0
DA:184,0
DA:185,0
DA:190,0
DA:191,0
DA:195,0
DA:221,0
DA:222,0
DA:227,0
DA:229,0
DA:235,0
DA:236,0
DA:238,0
DA:239,0
DA:240,0
DA:242,0
DA:243,0
DA:278,0
DA:284,0
DA:291,0
DA:293,0
DA:299,0
DA:300,0
DA:301,0
DA:314,0
DA:315,0
DA:316,0
DA:317,0
DA:320,0
DA:321,0
DA:322,0
DA:323,0
DA:327,0
DA:328,0
DA:333,0
DA:334,0
DA:335,0
DA:338,0
DA:339,0
DA:340,0
DA:341,0
DA:344,0
DA:347,0
LF:138
LH:0
BRDA:18,0,0,0
BRDA:18,1,0,0
BRDA:18,1,1,0
BRDA:44,2,0,0
BRDA:44,2,1,0
BRDA:65,3,0,0
BRDA:65,3,1,0
BRDA:65,4,0,0
BRDA:65,4,1,0
BRDA:71,5,0,0
BRDA:71,5,1,0
BRDA:72,6,0,0
BRDA:72,6,1,0
BRDA:73,7,0,0
BRDA:73,7,1,0
BRDA:78,8,0,0
BRDA:78,8,1,0
BRDA:82,9,0,0
BRDA:82,9,1,0
BRDA:82,10,0,0
BRDA:82,10,1,0
BRDA:118,11,0,0
BRDA:118,11,1,0
BRDA:125,12,0,0
BRDA:125,12,1,0
BRDA:126,13,0,0
BRDA:126,13,1,0
BRDA:130,14,0,0
BRDA:130,14,1,0
BRDA:135,15,0,0
BRDA:135,15,1,0
BRDA:135,16,0,0
BRDA:135,16,1,0
BRDA:170,17,0,0
BRDA:170,18,0,0
BRDA:170,18,1,0
BRDA:179,19,0,0
BRDA:190,20,0,0
BRDA:238,21,0,0
BRDA:238,22,0,0
BRDA:238,22,1,0
BRDA:320,23,0,0
BRDA:327,24,0,0
BRDA:340,25,0,0
BRF:44
BRH:0
end_of_record
TN:
SF:src/utils/circuitBreaker.ts
FN:42,(anonymous_9)
FN:67,(anonymous_11)
FN:81,(anonymous_12)
FN:101,(anonymous_13)
FN:120,(anonymous_14)
FN:141,(anonymous_15)
FN:169,(anonymous_16)
FN:197,(anonymous_17)
FN:218,(anonymous_18)
FNF:9
FNH:0
FNDA:0,(anonymous_9)
FNDA:0,(anonymous_11)
FNDA:0,(anonymous_12)
FNDA:0,(anonymous_13)
FNDA:0,(anonymous_14)
FNDA:0,(anonymous_15)
FNDA:0,(anonymous_16)
FNDA:0,(anonymous_17)
FNDA:0,(anonymous_18)
DA:1,0
DA:2,0
DA:7,0
DA:8,0
DA:9,0
DA:10,0
DA:13,0
DA:14,0
DA:15,0
DA:16,0
DA:43,0
DA:44,0
DA:45,0
DA:46,0
DA:48,0
DA:54,0
DA:55,0
DA:56,0
DA:57,0
DA:59,0
DA:60,0
DA:68,0
DA:69,0
DA:70,0
DA:73,0
DA:74,0
DA:82,0
DA:83,0
DA:85,0
DA:86,0
DA:87,0
DA:90,0
DA:91,0
DA:92,0
DA:102,0
DA:103,0
DA:104,0
DA:121,0
DA:142,0
DA:143,0
DA:150,0
DA:151,0
DA:174,0
DA:175,0
DA:180,0
DA:198,0
DA:199,0
DA:200,0
DA:202,0
DA:219,0
DA:220,0
DA:222,0
LF:52
LH:0
BRDA:14,0,0,0
BRDA:15,1,0,0
BRDA:16,2,0,0
BRDA:43,3,0,0
BRDA:44,4,0,0
BRDA:44,4,1,0
BRDA:68,5,0,0
BRDA:73,6,0,0
BRDA:85,7,0,0
BRDA:85,7,1,0
BRDA:90,8,0,0
BRDA:171,9,0,0
BRDA:172,10,0,0
BRDA:174,11,0,0
BRF:14
BRH:0
end_of_record
TN:
SF:src/utils/errorHandler.ts
FN:21,(anonymous_8)
FN:36,(anonymous_9)
FN:71,(anonymous_10)
FN:78,(anonymous_11)
FN:85,(anonymous_12)
FN:101,(anonymous_14)
FN:117,(anonymous_15)
FN:164,(anonymous_16)
FN:171,(anonymous_17)
FN:190,(anonymous_18)
FN:221,(anonymous_20)
FN:222,(anonymous_21)
FN:244,(anonymous_22)
FNF:13
FNH:0
FNDA:0,(anonymous_8)
FNDA:0,(anonymous_9)
FNDA:0,(anonymous_10)
FNDA:0,(anonymous_11)
FNDA:0,(anonymous_12)
FNDA:0,(anonymous_14)
FNDA:0,(anonymous_15)
FNDA:0,(anonymous_16)
FNDA:0,(anonymous_17)
FNDA:0,(anonymous_18)
FNDA:0,(anonymous_20)
FNDA:0,(anonymous_21)
FNDA:0,(anonymous_22)
DA:1,0
DA:2,0
DA:17,0
DA:22,0
DA:24,0
DA:25,0
DA:26,0
DA:27,0
DA:29,0
DA:37,0
DA:39,0
DA:47,0
DA:49,0
DA:50,0
DA:52,0
DA:53,0
DA:55,0
DA:56,0
DA:58,0
DA:59,0
DA:63,0
DA:64,0
DA:72,0
DA:79,0
DA:90,0
DA:91,0
DA:93,0
DA:94,0
DA:106,0
DA:107,0
DA:109,0
DA:110,0
DA:118,0
DA:119,0
DA:122,0
DA:123,0
DA:126,0
DA:129,0
DA:133,0
DA:135,0
DA:139,0
DA:141,0
DA:145,0
DA:146,0
DA:150,0
DA:151,0
DA:155,0
DA:158,0
DA:165,0
DA:172,0
DA:173,0
DA:176,0
DA:177,0
DA:180,0
DA:181,0
DA:184,0
DA:191,0
DA:193,0
DA:195,0
DA:197,0
DA:199,0
DA:202,0
DA:204,0
DA:207,0
DA:209,0
DA:213,0
DA:214,0
DA:222,0
DA:227,0
DA:228,0
DA:229,0
DA:231,0
DA:233,0
DA:234,0
DA:235,0
DA:236,0
DA:239,0
DA:240,0
DA:244,0
DA:247,0
LF:80
LH:0
BRDA:22,0,0,0
BRDA:22,0,1,0
BRDA:24,1,0,0
BRDA:24,1,1,0
BRDA:26,2,0,0
BRDA:26,2,1,0
BRDA:47,3,0,0
BRDA:47,3,1,0
BRDA:47,3,2,0
BRDA:47,3,3,0
BRDA:63,4,0,0
BRDA:93,5,0,0
BRDA:93,5,1,0
BRDA:109,6,0,0
BRDA:109,6,1,0
BRDA:118,7,0,0
BRDA:122,8,0,0
BRDA:126,9,0,0
BRDA:126,10,0,0
BRDA:126,10,1,0
BRDA:126,10,2,0
BRDA:126,10,3,0
BRDA:126,10,4,0
BRDA:133,11,0,0
BRDA:133,12,0,0
BRDA:133,12,1,0
BRDA:133,12,2,0
BRDA:133,12,3,0
BRDA:139,13,0,0
BRDA:139,14,0,0
BRDA:139,14,1,0
BRDA:139,14,2,0
BRDA:139,14,3,0
BRDA:145,15,0,0
BRDA:145,16,0,0
BRDA:145,16,1,0
BRDA:150,17,0,0
BRDA:150,18,0,0
BRDA:150,18,1,0
BRDA:165,19,0,0
BRDA:165,19,1,0
BRDA:172,20,0,0
BRDA:173,21,0,0
BRDA:173,21,1,0
BRDA:176,22,0,0
BRDA:176,23,0,0
BRDA:176,23,1,0
BRDA:180,24,0,0
BRDA:195,25,0,0
BRDA:195,25,1,0
BRDA:195,25,2,0
BRDA:195,25,3,0
BRDA:195,25,4,0
BRDA:224,26,0,0
BRDA:225,27,0,0
BRDA:233,28,0,0
BRDA:233,29,0,0
BRDA:233,29,1,0
BRF:58
BRH:0
end_of_record
TN:
SF:src/utils/fetchData.ts
FN:7,(anonymous_8)
FN:7,(anonymous_9)
FN:9,(anonymous_10)
FN:25,(anonymous_11)
FN:52,(anonymous_12)
FN:52,(anonymous_13)
FNF:6
FNH:0
FNDA:0,(anonymous_8)
FNDA:0,(anonymous_9)
FNDA:0,(anonymous_10)
FNDA:0,(anonymous_11)
FNDA:0,(anonymous_12)
FNDA:0,(anonymous_13)
DA:1,0
DA:2,0
DA:3,0
DA:4,0
DA:5,0
DA:7,0
DA:9,0
DA:10,0
DA:11,0
DA:12,0
DA:14,0
DA:22,0
DA:25,0
DA:26,0
DA:27,0
DA:28,0
DA:30,0
DA:32,0
DA:52,0
DA:53,0
DA:54,0
DA:55,0
DA:56,0
DA:58,0
DA:59,0
DA:60,0
DA:68,0
DA:70,0
DA:71,0
DA:73,0
DA:75,0
DA:76,0
DA:77,0
DA:79,0
DA:82,0
DA:83,0
DA:87,0
DA:88,0
DA:92,0
DA:93,0
DA:94,0
DA:95,0
DA:100,0
DA:106,0
LF:44
LH:0
BRDA:10,0,0,0
BRDA:15,1,0,0
BRDA:15,1,1,0
BRDA:15,1,2,0
BRDA:15,1,3,0
BRDA:15,1,4,0
BRDA:26,2,0,0
BRDA:28,3,0,0
BRDA:28,3,1,0
BRDA:28,4,0,0
BRDA:28,4,1,0
BRDA:30,5,0,0
BRDA:30,5,1,0
BRDA:30,5,2,0
BRDA:71,6,0,0
BRDA:71,6,1,0
BRDA:73,7,0,0
BRDA:87,8,0,0
BRDA:87,8,1,0
BRDA:89,9,0,0
BRDA:89,9,1,0
BRDA:92,10,0,0
BRDA:92,10,1,0
BRDA:94,11,0,0
BRDA:94,11,1,0
BRDA:94,12,0,0
BRDA:94,12,1,0
BRDA:96,13,0,0
BRDA:96,13,1,0
BRDA:97,14,0,0
BRDA:97,14,1,0
BRF:31
BRH:0
end_of_record
TN:
SF:src/utils/getMyBalance.ts
FN:28,(anonymous_7)
FN:28,(anonymous_8)
FN:31,(anonymous_9)
FN:31,(anonymous_10)
FNF:4
FNH:0
FNDA:0,(anonymous_7)
FNDA:0,(anonymous_8)
FNDA:0,(anonymous_9)
FNDA:0,(anonymous_10)
DA:1,0
DA:2,0
DA:3,0
DA:4,0
DA:5,0
DA:7,0
DA:8,0
DA:10,0
DA:28,0
DA:29,0
DA:31,0
DA:32,0
DA:33,0
DA:34,0
DA:35,0
DA:36,0
DA:37,0
DA:39,0
DA:40,0
DA:42,0
DA:47,0
LF:21
LH:0
BRDA:39,0,0,0
BRF:1
BRH:0
end_of_record
TN:
SF:src/utils/healthCheck.ts
FN:34,(anonymous_8)
FN:34,(anonymous_9)
FN:163,(anonymous_10)
FNF:3
FNH:0
FNDA:0,(anonymous_8)
FNDA:0,(anonymous_9)
FNDA:0,(anonymous_10)
DA:1,0
DA:2,0
DA:3,0
DA:4,0
DA:5,0
DA:34,0
DA:35,0
DA:43,0
DA:44,0
DA:46,0
DA:47,0
DA:48,0
DA:50,0
DA:53,0
DA:59,0
DA:66,0
DA:67,0
DA:79,0
DA:80,0
DA:81,0
DA:82,0
DA:84,0
DA:87,0
DA:90,0
DA:97,0
DA:98,0
DA:99,0
DA:100,0
DA:101,0
DA:107,0
DA:114,0
DA:117,0
DA:124,0
DA:126,0
DA:127,0
DA:128,0
DA:130,0
DA:138,0
DA:143,0
DA:163,0
DA:164,0
DA:165,0
DA:166,0
DA:167,0
DA:170,0
DA:173,0
DA:176,0
DA:179,0
LF:48
LH:0
BRDA:44,0,0,0
BRDA:44,0,1,0
BRDA:46,1,0,0
BRDA:46,1,1,0
BRDA:61,2,0,0
BRDA:61,2,1,0
BRDA:79,3,0,0
BRDA:79,3,1,0
BRDA:81,4,0,0
BRDA:81,4,1,0
BRDA:92,5,0,0
BRDA:92,5,1,0
BRDA:99,6,0,0
BRDA:99,6,1,0
BRDA:100,7,0,0
BRDA:100,7,1,0
BRDA:119,8,0,0
BRDA:119,8,1,0
BRDA:132,9,0,0
BRDA:132,9,1,0
BRDA:138,10,0,0
BRDA:138,10,1,0
BRDA:138,10,2,0
BRDA:138,10,3,0
BRDA:166,11,0,0
BRDA:166,11,1,0
BRDA:168,12,0,0
BRDA:168,12,1,0
BRDA:171,13,0,0
BRDA:171,13,1,0
BRDA:174,14,0,0
BRDA:174,14,1,0
BRDA:174,15,0,0
BRDA:174,15,1,0
BRDA:177,16,0,0
BRDA:177,16,1,0
BRF:36
BRH:0
end_of_record
TN:
SF:src/utils/logger.ts
FN:15,(anonymous_11)
FN:81,(anonymous_12)
FN:85,(anonymous_13)
FN:89,(anonymous_14)
FN:98,(anonymous_15)
FN:112,(anonymous_16)
FN:124,(anonymous_17)
FN:136,(anonymous_18)
FN:148,(anonymous_19)
FN:160,(anonymous_20)
FN:172,(anonymous_21)
FN:185,(anonymous_22)
FN:232,(anonymous_23)
FN:258,(anonymous_24)
FN:276,(anonymous_25)
FN:293,(anonymous_26)
FN:307,(anonymous_27)
FN:325,(anonymous_28)
FN:328,(anonymous_29)
FN:334,(anonymous_30)
FN:341,(anonymous_31)
FN:357,(anonymous_32)
FN:381,(anonymous_33)
FN:395,(anonymous_34)
FN:436,(anonymous_35)
FN:468,(anonymous_36)
FN:487,(anonymous_37)
FN:495,(anonymous_38)
FN:515,(anonymous_39)
FN:540,(anonymous_40)
FN:544,(anonymous_41)
FN:31,(anonymous_42)
FN:42,(anonymous_43)
FNF:33
FNH:0
FNDA:0,(anonymous_11)
FNDA:0,(anonymous_12)
FNDA:0,(anonymous_13)
FNDA:0,(anonymous_14)
FNDA:0,(anonymous_15)
FNDA:0,(anonymous_16)
FNDA:0,(anonymous_17)
FNDA:0,(anonymous_18)
FNDA:0,(anonymous_19)
FNDA:0,(anonymous_20)
FNDA:0,(anonymous_21)
FNDA:0,(anonymous_22)
FNDA:0,(anonymous_23)
FNDA:0,(anonymous_24)
FNDA:0,(anonymous_25)
FNDA:0,(anonymous_26)
FNDA:0,(anonymous_27)
FNDA:0,(anonymous_28)
FNDA:0,(anonymous_29)
FNDA:0,(anonymous_30)
FNDA:0,(anonymous_31)
FNDA:0,(anonymous_32)
FNDA:0,(anonymous_33)
FNDA:0,(anonymous_34)
FNDA:0,(anonymous_35)
FNDA:0,(anonymous_36)
FNDA:0,(anonymous_37)
FNDA:0,(anonymous_38)
FNDA:0,(anonymous_39)
FNDA:0,(anonymous_40)
FNDA:0,(anonymous_41)
FNDA:0,(anonymous_42)
FNDA:0,(anonymous_43)
DA:6,0
DA:7,0
DA:8,0
DA:9,0
DA:15,0
DA:16,0
DA:17,0
DA:18,0
DA:19,0
DA:20,0
DA:31,0
DA:33,0
DA:34,0
DA:36,0
DA:39,0
DA:42,0
DA:43,0
DA:44,0
DA:49,0
DA:54,0
DA:82,0
DA:86,0
DA:91,0
DA:99,0
DA:100,0
DA:101,0
DA:102,0
DA:104,0
DA:113,0
DA:114,0
DA:116,0
DA:125,0
DA:126,0
DA:128,0
DA:137,0
DA:138,0
DA:140,0
DA:149,0
DA:150,0
DA:152,0
DA:161,0
DA:162,0
DA:164,0
DA:173,0
DA:174,0
DA:176,0
DA:186,0
DA:187,0
DA:188,0
DA:189,0
DA:190,0
DA:191,0
DA:192,0
DA:194,0
DA:195,0
DA:196,0
DA:198,0
DA:199,0
DA:201,0
DA:202,0
DA:204,0
DA:206,0
DA:207,0
DA:208,0
DA:210,0
DA:211,0
DA:212,0
DA:214,0
DA:218,0
DA:233,0
DA:234,0
DA:235,0
DA:238,0
DA:244,0
DA:259,0
DA:260,0
DA:261,0
DA:263,0
DA:265,0
DA:266,0
DA:268,0
DA:277,0
DA:278,0
DA:279,0
DA:285,0
DA:294,0
DA:295,0
DA:297,0
DA:298,0
DA:299,0
DA:300,0
DA:301,0
DA:302,0
DA:303,0
DA:305,0
DA:306,0
DA:307,0
DA:308,0
DA:310,0
DA:311,0
DA:313,0
DA:326,0
DA:327,0
DA:328,0
DA:329,0
DA:330,0
DA:332,0
DA:334,0
DA:335,0
DA:342,0
DA:343,0
DA:348,0
DA:349,0
DA:350,0
DA:358,0
DA:359,0
DA:360,0
DA:361,0
DA:363,0
DA:367,0
DA:368,0
DA:372,0
DA:373,0
DA:374,0
DA:382,0
DA:404,0
DA:405,0
DA:406,0
DA:407,0
DA:410,0
DA:411,0
DA:412,0
DA:414,0
DA:415,0
DA:417,0
DA:418,0
DA:420,0
DA:421,0
DA:422,0
DA:423,0
DA:424,0
DA:425,0
DA:427,0
DA:428,0
DA:429,0
DA:430,0
DA:431,0
DA:434,0
DA:435,0
DA:436,0
DA:437,0
DA:438,0
DA:439,0
DA:440,0
DA:441,0
DA:446,0
DA:451,0
DA:459,0
DA:461,0
DA:468,0
DA:493,0
DA:494,0
DA:495,0
DA:496,0
DA:498,0
DA:503,0
DA:504,0
DA:505,0
DA:506,0
DA:507,0
DA:508,0
DA:511,0
DA:514,0
DA:515,0
DA:516,0
DA:517,0
DA:518,0
DA:519,0
DA:520,0
DA:525,0
DA:530,0
DA:538,0
DA:540,0
DA:544,0
DA:553,0
DA:557,0
LF:186
LH:0
BRDA:15,0,0,0
BRDA:15,0,1,0
BRDA:99,1,0,0
BRDA:113,2,0,0
BRDA:125,3,0,0
BRDA:137,4,0,0
BRDA:149,5,0,0
BRDA:161,6,0,0
BRDA:173,7,0,0
BRDA:186,8,0,0
BRDA:191,9,0,0
BRDA:194,10,0,0
BRDA:195,11,0,0
BRDA:195,11,1,0
BRDA:198,12,0,0
BRDA:201,13,0,0
BRDA:204,14,0,0
BRDA:204,15,0,0
BRDA:204,15,1,0
BRDA:206,16,0,0
BRDA:206,16,1,0
BRDA:210,17,0,0
BRDA:233,18,0,0
BRDA:259,19,0,0
BRDA:259,19,1,0
BRDA:260,20,0,0
BRDA:265,21,0,0
BRDA:278,22,0,0
BRDA:294,23,0,0
BRDA:326,24,0,0
BRDA:342,25,0,0
BRDA:363,26,0,0
BRDA:363,26,1,0
BRDA:367,27,0,0
BRDA:372,28,0,0
BRDA:404,29,0,0
BRDA:417,30,0,0
BRDA:417,30,1,0
BRDA:420,31,0,0
BRDA:420,31,1,0
BRDA:421,32,0,0
BRDA:421,32,1,0
BRDA:422,33,0,0
BRDA:422,33,1,0
BRDA:434,34,0,0
BRDA:437,35,0,0
BRDA:437,35,1,0
BRDA:438,36,0,0
BRDA:438,36,1,0
BRDA:439,37,0,0
BRDA:439,37,1,0
BRDA:440,38,0,0
BRDA:440,38,1,0
BRDA:443,39,0,0
BRDA:443,39,1,0
BRDA:493,40,0,0
BRDA:498,41,0,0
BRDA:498,41,1,0
BRDA:499,42,0,0
BRDA:499,42,1,0
BRDA:504,43,0,0
BRDA:504,44,0,0
BRDA:504,44,1,0
BRDA:504,44,2,0
BRDA:506,45,0,0
BRDA:506,45,1,0
BRDA:507,46,0,0
BRDA:507,46,1,0
BRDA:514,47,0,0
BRDA:514,48,0,0
BRDA:514,48,1,0
BRDA:514,48,2,0
BRDA:516,49,0,0
BRDA:516,49,1,0
BRDA:517,50,0,0
BRDA:517,50,1,0
BRDA:518,51,0,0
BRDA:518,51,1,0
BRDA:519,52,0,0
BRDA:519,52,1,0
BRDA:522,53,0,0
BRDA:522,53,1,0
BRDA:543,54,0,0
BRDA:543,54,1,0
BRDA:544,55,0,0
BRDA:544,55,1,0
BRDA:544,56,0,0
BRDA:544,56,1,0
BRDA:33,57,0,0
BRDA:33,57,1,0
BRDA:33,58,0,0
BRDA:33,58,1,0
BRDA:33,59,0,0
BRDA:33,59,1,0
BRDA:34,60,0,0
BRDA:34,60,1,0
BRDA:34,61,0,0
BRDA:34,61,1,0
BRDA:43,62,0,0
BRDA:43,62,1,0
BRF:100
BRH:0
end_of_record
TN:
SF:src/utils/postOrder.ts
FN:24,(anonymous_8)
FN:63,(anonymous_9)
FN:75,(anonymous_10)
FN:85,(anonymous_11)
FN:87,(anonymous_12)
FN:87,(anonymous_13)
FN:119,(anonymous_14)
FN:222,(anonymous_15)
FN:321,(anonymous_16)
FN:405,(anonymous_17)
FNF:10
FNH:0
FNDA:0,(anonymous_8)
FNDA:0,(anonymous_9)
FNDA:0,(anonymous_10)
FNDA:0,(anonymous_11)
FNDA:0,(anonymous_12)
FNDA:0,(anonymous_13)
FNDA:0,(anonymous_14)
FNDA:0,(anonymous_15)
FNDA:0,(anonymous_16)
FNDA:0,(anonymous_17)
DA:6,0
DA:7,0
DA:9,0
DA:10,0
DA:11,0
DA:13,0
DA:14,0
DA:17,0
DA:18,0
DA:21,0
DA:22,0
DA:24,0
DA:25,0
DA:26,0
DA:29,0
DA:30,0
DA:33,0
DA:34,0
DA:36,0
DA:37,0
DA:38,0
DA:41,0
DA:42,0
DA:43,0
DA:44,0
DA:46,0
DA:47,0
DA:51,0
DA:52,0
DA:55,0
DA:56,0
DA:60,0
DA:63,0
DA:64,0
DA:65,0
DA:67,0
DA:68,0
DA:75,0
DA:85,0
DA:86,0
DA:87,0
DA:88,0
DA:91,0
DA:92,0
DA:93,0
DA:94,0
DA:95,0
DA:96,0
DA:98,0
DA:101,0
DA:102,0
DA:105,0
DA:106,0
DA:109,0
DA:110,0
DA:111,0
DA:112,0
DA:113,0
DA:114,0
DA:115,0
DA:116,0
DA:119,0
DA:120,0
DA:123,0
DA:125,0
DA:126,0
DA:133,0
DA:141,0
DA:142,0
DA:143,0
DA:144,0
DA:145,0
DA:149,0
DA:151,0
DA:152,0
DA:153,0
DA:154,0
DA:157,0
DA:160,0
DA:162,0
DA:163,0
DA:168,0
DA:169,0
DA:170,0
DA:172,0
DA:173,0
DA:175,0
DA:177,0
DA:179,0
DA:181,0
DA:182,0
DA:185,0
DA:188,0
DA:196,0
DA:199,0
DA:200,0
DA:201,0
DA:202,0
DA:204,0
DA:205,0
DA:208,0
DA:210,0
DA:211,0
DA:212,0
DA:214,0
DA:215,0
DA:216,0
DA:217,0
DA:218,0
DA:219,0
DA:222,0
DA:223,0
DA:226,0
DA:227,0
DA:228,0
DA:229,0
DA:230,0
DA:234,0
DA:235,0
DA:238,0
DA:239,0
DA:242,0
DA:243,0
DA:245,0
DA:252,0
DA:256,0
DA:257,0
DA:258,0
DA:259,0
DA:260,0
DA:261,0
DA:262,0
DA:266,0
DA:268,0
DA:269,0
DA:270,0
DA:271,0
DA:274,0
DA:277,0
DA:279,0
DA:280,0
DA:285,0
DA:286,0
DA:287,0
DA:289,0
DA:290,0
DA:292,0
DA:296,0
DA:297,0
DA:301,0
DA:303,0
DA:304,0
DA:305,0
DA:306,0
DA:307,0
DA:308,0
DA:312,0
DA:320,0
DA:321,0
DA:325,0
DA:326,0
DA:331,0
DA:333,0
DA:334,0
DA:339,0
DA:340,0
DA:342,0
DA:345,0
DA:351,0
DA:352,0
DA:353,0
DA:357,0
DA:358,0
DA:364,0
DA:365,0
DA:367,0
DA:368,0
DA:375,0
DA:376,0
DA:379,0
DA:380,0
DA:381,0
DA:385,0
DA:386,0
DA:389,0
DA:390,0
DA:393,0
DA:394,0
DA:395,0
DA:397,0
DA:398,0
DA:399,0
DA:400,0
DA:401,0
DA:402,0
DA:405,0
DA:406,0
DA:409,0
DA:412,0
DA:413,0
DA:416,0
DA:417,0
DA:420,0
DA:423,0
DA:424,0
DA:427,0
DA:428,0
DA:431,0
DA:438,0
DA:439,0
DA:440,0
DA:441,0
DA:442,0
DA:443,0
DA:447,0
DA:449,0
DA:450,0
DA:451,0
DA:452,0
DA:455,0
DA:458,0
DA:460,0
DA:461,0
DA:468,0
DA:469,0
DA:471,0
DA:473,0
DA:483,0
DA:488,0
DA:489,0
DA:490,0
DA:495,0
DA:501,0
DA:502,0
DA:503,0
DA:505,0
DA:506,0
DA:508,0
DA:511,0
DA:515,0
LF:240
LH:0
BRDA:25,0,0,0
BRDA:29,1,0,0
BRDA:33,2,0,0
BRDA:37,3,0,0
BRDA:41,4,0,0
BRDA:41,5,0,0
BRDA:41,5,1,0
BRDA:43,6,0,0
BRDA:46,7,0,0
BRDA:51,8,0,0
BRDA:55,9,0,0
BRDA:64,10,0,0
BRDA:68,11,0,0
BRDA:68,11,1,0
BRDA:84,12,0,0
BRDA:88,13,0,0
BRDA:91,14,0,0
BRDA:91,14,1,0
BRDA:93,15,0,0
BRDA:101,16,0,0
BRDA:111,17,0,0
BRDA:111,17,1,0
BRDA:113,18,0,0
BRDA:113,19,0,0
BRDA:113,19,1,0
BRDA:120,20,0,0
BRDA:120,20,1,0
BRDA:125,21,0,0
BRDA:125,21,1,0
BRDA:143,22,0,0
BRDA:143,22,1,0
BRDA:152,23,0,0
BRDA:155,24,0,0
BRDA:155,24,1,0
BRDA:164,25,0,0
BRDA:164,25,1,0
BRDA:168,26,0,0
BRDA:172,27,0,0
BRDA:172,27,1,0
BRDA:177,28,0,0
BRDA:177,28,1,0
BRDA:185,29,0,0
BRDA:185,29,1,0
BRDA:199,30,0,0
BRDA:201,31,0,0
BRDA:214,32,0,0
BRDA:214,32,1,0
BRDA:216,33,0,0
BRDA:216,34,0,0
BRDA:216,34,1,0
BRDA:223,35,0,0
BRDA:223,35,1,0
BRDA:227,36,0,0
BRDA:234,37,0,0
BRDA:258,38,0,0
BRDA:258,38,1,0
BRDA:269,39,0,0
BRDA:272,40,0,0
BRDA:272,40,1,0
BRDA:281,41,0,0
BRDA:281,41,1,0
BRDA:285,42,0,0
BRDA:289,43,0,0
BRDA:289,43,1,0
BRDA:296,44,0,0
BRDA:301,45,0,0
BRDA:301,45,1,0
BRDA:305,46,0,0
BRDA:321,47,0,0
BRDA:321,47,1,0
BRDA:325,48,0,0
BRDA:331,49,0,0
BRDA:331,49,1,0
BRDA:351,50,0,0
BRDA:351,50,1,0
BRDA:367,51,0,0
BRDA:375,52,0,0
BRDA:385,53,0,0
BRDA:397,54,0,0
BRDA:397,54,1,0
BRDA:399,55,0,0
BRDA:399,56,0,0
BRDA:399,56,1,0
BRDA:406,57,0,0
BRDA:406,57,1,0
BRDA:412,58,0,0
BRDA:423,59,0,0
BRDA:440,60,0,0
BRDA:440,60,1,0
BRDA:450,61,0,0
BRDA:453,62,0,0
BRDA:453,62,1,0
BRDA:462,63,0,0
BRDA:462,63,1,0
BRDA:468,64,0,0
BRDA:468,65,0,0
BRDA:468,65,1,0
BRDA:471,66,0,0
BRDA:471,66,1,0
BRDA:489,67,0,0
BRDA:489,67,1,0
BRDA:501,68,0,0
BRDA:505,69,0,0
BRDA:505,69,1,0
BRF:104
BRH:0
end_of_record
TN:
SF:src/utils/spinner.ts
FNF:0
FNH:0
DA:6,0
DA:11,0
DA:27,0
LF:3
LH:0
BRF:0
BRH:0
end_of_record
